<?xml version="1.0" encoding="UTF-8"?>
<!-- Generated by org.testng.reporters.JUnitXMLReporter -->
<testsuite hostname="amiteshs-MacBook-Air.local" ignored="0" name="Create a new student contact" tests="2" failures="0" timestamp="06 Aug 2018 07:13:54 GMT" time="27.012" errors="0">
  <testcase name="loginInSite" time="8.275" classname="com.CiviCrm.Practice.NewStudentContact"/>
  <testcase name="createNewStudent" time="13.734" classname="com.CiviCrm.Practice.NewStudentContact"/>
</testsuite> <!-- Create a new student contact -->
